<?xml version="1.0" encoding="UTF-8"?>
<testng-results skipped="0" failed="1" total="1" passed="0">
  <reporter-output>
  </reporter-output>
  <suite name="Default suite" duration-ms="2161" started-at="2014-02-14T21:07:14Z" finished-at="2014-02-14T21:07:16Z">
    <groups>
    </groups>
    <test name="Default test" duration-ms="2161" started-at="2014-02-14T21:07:14Z" finished-at="2014-02-14T21:07:16Z">
      <class name="org.sc.crud.service.ServiceApiTest">
        <test-method status="PASS" signature="springTestContextBeforeTestClass()[pri:0, instance:org.sc.crud.service.ServiceApiTest@50dec6da]" name="springTestContextBeforeTestClass" is-config="true" duration-ms="7" started-at="2014-02-14T22:07:14Z" finished-at="2014-02-14T22:07:14Z">
          <reporter-output>
          </reporter-output>
        </test-method> <!-- springTestContextBeforeTestClass -->
        <test-method status="PASS" signature="springTestContextPrepareTestInstance()[pri:0, instance:org.sc.crud.service.ServiceApiTest@50dec6da]" name="springTestContextPrepareTestInstance" is-config="true" duration-ms="2105" started-at="2014-02-14T22:07:14Z" depends-on-methods="org.springframework.test.context.testng.AbstractTestNGSpringContextTests.springTestContextBeforeTestClass" finished-at="2014-02-14T22:07:16Z">
          <reporter-output>
          </reporter-output>
        </test-method> <!-- springTestContextPrepareTestInstance -->
        <test-method status="PASS" signature="springTestContextBeforeTestMethod(java.lang.reflect.Method)[pri:0, instance:org.sc.crud.service.ServiceApiTest@50dec6da]" name="springTestContextBeforeTestMethod" is-config="true" duration-ms="22" started-at="2014-02-14T22:07:16Z" finished-at="2014-02-14T22:07:16Z">
          <params>
            <param index="0">
              <value>
                <![CDATA[public void org.sc.crud.service.ServiceApiTest.testFindAll()]]>
              </value>
            </param>
          </params>
          <reporter-output>
          </reporter-output>
        </test-method> <!-- springTestContextBeforeTestMethod -->
        <test-method status="FAIL" signature="testFindAll()[pri:0, instance:org.sc.crud.service.ServiceApiTest@50dec6da]" name="testFindAll" duration-ms="8" started-at="2014-02-14T22:07:16Z" finished-at="2014-02-14T22:07:16Z">
          <exception class="java.lang.NullPointerException">
            <full-stacktrace>
              <![CDATA[java.lang.NullPointerException
	at org.sc.crud.service.ServiceApiImpl.findAll(ServiceApiImpl.java:20)
	at org.sc.crud.service.ServiceApiTest.testFindAll(ServiceApiTest.java:20)
	at sun.reflect.NativeMethodAccessorImpl.invoke0(Native Method)
	at sun.reflect.NativeMethodAccessorImpl.invoke(NativeMethodAccessorImpl.java:57)
	at sun.reflect.DelegatingMethodAccessorImpl.invoke(DelegatingMethodAccessorImpl.java:43)
	at java.lang.reflect.Method.invoke(Method.java:606)
	at org.testng.internal.MethodInvocationHelper.invokeMethod(MethodInvocationHelper.java:84)
	at org.testng.internal.MethodInvocationHelper$1.runTestMethod(MethodInvocationHelper.java:200)
	at org.springframework.test.context.testng.AbstractTestNGSpringContextTests.run(AbstractTestNGSpringContextTests.java:158)
	at sun.reflect.NativeMethodAccessorImpl.invoke0(Native Method)
	at sun.reflect.NativeMethodAccessorImpl.invoke(NativeMethodAccessorImpl.java:57)
	at sun.reflect.DelegatingMethodAccessorImpl.invoke(DelegatingMethodAccessorImpl.java:43)
	at java.lang.reflect.Method.invoke(Method.java:606)
	at org.testng.internal.MethodInvocationHelper.invokeHookable(MethodInvocationHelper.java:212)
	at org.testng.internal.Invoker.invokeMethod(Invoker.java:707)
	at org.testng.internal.Invoker.invokeTestMethod(Invoker.java:901)
	at org.testng.internal.Invoker.invokeTestMethods(Invoker.java:1231)
	at org.testng.internal.TestMethodWorker.invokeTestMethods(TestMethodWorker.java:127)
	at org.testng.internal.TestMethodWorker.run(TestMethodWorker.java:111)
	at org.testng.TestRunner.privateRun(TestRunner.java:767)
	at org.testng.TestRunner.run(TestRunner.java:617)
	at org.testng.SuiteRunner.runTest(SuiteRunner.java:334)
	at org.testng.SuiteRunner.runSequentially(SuiteRunner.java:329)
	at org.testng.SuiteRunner.privateRun(SuiteRunner.java:291)
	at org.testng.SuiteRunner.run(SuiteRunner.java:240)
	at org.testng.SuiteRunnerWorker.runSuite(SuiteRunnerWorker.java:52)
	at org.testng.SuiteRunnerWorker.run(SuiteRunnerWorker.java:86)
	at org.testng.TestNG.runSuitesSequentially(TestNG.java:1224)
	at org.testng.TestNG.runSuitesLocally(TestNG.java:1149)
	at org.testng.TestNG.run(TestNG.java:1057)
	at org.testng.remote.RemoteTestNG.run(RemoteTestNG.java:111)
	at org.testng.remote.RemoteTestNG.initAndRun(RemoteTestNG.java:204)
	at org.testng.remote.RemoteTestNG.main(RemoteTestNG.java:175)
]]>
            </full-stacktrace>
          </exception> <!-- java.lang.NullPointerException -->
          <reporter-output>
          </reporter-output>
        </test-method> <!-- testFindAll -->
        <test-method status="PASS" signature="springTestContextAfterTestMethod(java.lang.reflect.Method)[pri:0, instance:org.sc.crud.service.ServiceApiTest@50dec6da]" name="springTestContextAfterTestMethod" is-config="true" duration-ms="9" started-at="2014-02-14T22:07:16Z" finished-at="2014-02-14T22:07:16Z">
          <params>
            <param index="0">
              <value>
                <![CDATA[public void org.sc.crud.service.ServiceApiTest.testFindAll()]]>
              </value>
            </param>
          </params>
          <reporter-output>
          </reporter-output>
        </test-method> <!-- springTestContextAfterTestMethod -->
        <test-method status="PASS" signature="springTestContextAfterTestClass()[pri:0, instance:org.sc.crud.service.ServiceApiTest@50dec6da]" name="springTestContextAfterTestClass" is-config="true" duration-ms="0" started-at="2014-02-14T22:07:16Z" finished-at="2014-02-14T22:07:16Z">
          <reporter-output>
          </reporter-output>
        </test-method> <!-- springTestContextAfterTestClass -->
      </class> <!-- org.sc.crud.service.ServiceApiTest -->
    </test> <!-- Default test -->
  </suite> <!-- Default suite -->
</testng-results>
